<?xml version="1.0" encoding="UTF-8"?>
<!-- Generated by org.testng.reporters.JUnitReportReporter -->
<testsuite skipped="0" hostname="A1759L" name="com.pom.tests.HomePageTest.HomePageTest" tests="3" failures="0" timestamp="2020-04-14T21:04:49 IST" time="49.943" errors="0">
  <testcase name="HomepageTitle" time="21.612" classname="com.pom.tests.HomePageTest.HomePageTest"/>
  <system-out/>
  <testcase name="VerifyBookFlightTabSelected" time="12.388" classname="com.pom.tests.HomePageTest.HomePageTest"/>
  <system-out/>
  <testcase name="SearchFlights" time="15.943" classname="com.pom.tests.HomePageTest.HomePageTest"/>
  <system-out/>
</testsuite> <!-- com.pom.tests.HomePageTest.HomePageTest -->
