<?xml version="1.0" encoding="UTF-8"?>
<!-- Generated by org.testng.reporters.JUnitReportReporter -->
<testsuite skipped="0" hostname="A1759L" name="com.pom.tests.AssessmentTest" tests="1" failures="0" timestamp="2020-09-10T23:28:13 IST" time="71.417" errors="0">
  <testcase name="Assesment" time="71.417" classname="com.pom.tests.AssessmentTest"/>
  <system-out/>
</testsuite> <!-- com.pom.tests.AssessmentTest -->
